<?xml version="1.0" encoding="UTF-8"?>
<!-- Generated by org.testng.reporters.JUnitReportReporter -->
<testsuite hostname="DESKTOP-G2OEN18" failures="0" tests="3" name="listenersclass.NewTest3" time="0.034" errors="0" timestamp="2023-05-08T11:24:05 IST" skipped="0">
  <testcase classname="listenersclass.NewTest3" name="homepage" time="0.004"/>
  <system-out/>
  <testcase classname="listenersclass.NewTest3" name="button" time="0.022"/>
  <system-out/>
  <testcase classname="listenersclass.NewTest3" name="login" time="0.008"/>
  <system-out/>
</testsuite> <!-- listenersclass.NewTest3 -->
